1:Host not found (authoritative) http://www.straafa.org dns resolve
1:Host not found (authoritative) http://*c5eivcosm37t41nasirg.www.mingyungd.com dns resolve
1:Host not found (authoritative) http://*c4dr690sm37o2cimfa70.naxinhj.com dns resolve
125:Operation canceled
125:Operation canceled
125:Operation canceled
125:Operation canceled
125:Operation canceled
1:Host not found (authoritative) http://badgrandpa-lefilm.fr dns resolve
125:Operation canceled
125:Operation canceled
125:Operation canceled
125:Operation canceled
http://81.2.216.164:80 task failed
1:Host not found (authoritative) http://z73c.0704.com dns resolve
2:Host not found (non-authoritative), try again later http://www.xn--produodigital-0eb3d.com dns resolve
1:Host not found (authoritative) http://olia.5488s.com dns resolve
125:Operation canceled
http://147.135.0.4:80 task failed
125:Operation canceled
http://157.240.17.36:80 task failed
125:Operation canceled
http://31.13.85.169:80 task failed
1:Host not found (authoritative) http://fr-v.ctgi.cn dns resolve
1:Host not found (authoritative) http://www.tradoc.csgofast.com dns resolve
1:Host not found (authoritative) http://x0wg.qp666.com dns resolve
1:Host not found (authoritative) http://gmpnews.ctgi.cn dns resolve
1:Host not found (authoritative) http://0okl.qp666.com dns resolve
1:Host not found (authoritative) http://*c4ej0u0sm37o2cg74ma0.jindianhei.shi.cn dns resolve
1:Host not found (authoritative) http://ksouowui.9rdbbvt.cn dns resolve
1:Host not found (authoritative) http://ks1n.aaa.cc dns resolve
1:Host not found (authoritative) http://hof9.tlc288.com dns resolve
1:Host not found (authoritative) http://*c4en8n0sm37o2ck53sq0.12372.youhui5.com dns resolve
1:Host not found (authoritative) http://www.nicholas-bears.tw dns resolve
1:Host not found (authoritative) http://jakes.umcoirax23te.com dns resolve
2:Host not found (non-authoritative), try again later http://smzffrpafhuod.lc.cn dns resolve
1:Host not found (authoritative) http://qo6g.aaa.cc dns resolve
1:Host not found (authoritative) http://*c4dofc0sm37o2ck99thg.xinxunwang.com dns resolve
1:Host not found (authoritative) http://hain.ntwrkdrops.com dns resolve
1:Host not found (authoritative) http://49329.xz.dy008.com dns resolve
1:Host not found (authoritative) http://img-b2b.wtg7ew8cvzxbk.com dns resolve
1:Host not found (authoritative) http://adm.y0zyxwvutsrqponml.wire.community.canva.cn dns resolve
1:Host not found (authoritative) http://vlt1.qp666.com dns resolve
1:Host not found (authoritative) http://tapivip.4807nu26h9.com dns resolve
1:Host not found (authoritative) http://passthrough6.dev.sendcloud.sc dns resolve
1:Host not found (authoritative) http://*c4dii5osm37o2clmf5cg.1mishu.com dns resolve
1:Host not found (authoritative) http://jrvvw4he3r9ksxlbu4tlvrai4jgublxj6ba4f89gh6bobtbihq9fvwsu8gxjn.xvt5tu85vn3deqrlve8n5t655hjrxuqvierdiluk4hw7j833deqqwxe4ng.83bfg63utihlccpp6epxqnkrsmnup9gbd74keetlg7n36mhf7wr9f7qa9o5.2472kvtu2cwruu9prgetbw4o6bfo4jok9phqvt4x7emkitu6gtos767xnfuni.wmssh.com dns resolve
1:Host not found (authoritative) http://potcoava.ntwrkdrop.com dns resolve
1:Host not found (authoritative) http://*c4gtjkgsm37sd8cj5tjg.ni.koukao.cn dns resolve
1:Host not found (authoritative) http://*c4dq508sm37o2cjsi1ug.wzwd.youxi1.zixia.com dns resolve
1:Host not found (authoritative) http://mchag.smto3z4ev8k6f.com dns resolve
1:Host not found (authoritative) http://gek0.0704.com dns resolve
1:Host not found (authoritative) http://clk3c8p2y9-flywheel.netdna-ssl.com dns resolve
1:Host not found (authoritative) http://aliyun.kuai666bjxcpyx9a55x3e.com dns resolve
1:Host not found (authoritative) http://malw.aaa.cc dns resolve
1:Host not found (authoritative) http://crm-dev.ooasufa.com dns resolve
1:Host not found (authoritative) http://*c595iposm37t41ld14p0.dzd.home.zhjp.net dns resolve
1:Host not found (authoritative) http://whuz.aaa.cc dns resolve
1:Host not found (authoritative) http://fntxk1fezc0fj.tian2.wire.comm.2.logitechg.com.cn dns resolve
1:Host not found (authoritative) http://bjw3.tlc288.com dns resolve
1:Host not found (authoritative) http://julimar.u5l40u4vv8.com dns resolve
1:Host not found (authoritative) http://vpn.newmadis.fr dns resolve
1:Host not found (authoritative) http://ostlund.gegokkm.com dns resolve
1:Host not found (authoritative) http://event-api.gqzewmsk8yma18.com dns resolve
1:Host not found (authoritative) http://wmscloudtest.xyguobha.com dns resolve
1:Host not found (authoritative) http://*.hadoop.rbzarina_1802.mail.ru dns resolve
1:Host not found (authoritative) http://g9dk.5488s.com dns resolve
1:Host not found (authoritative) http://oyz4.5488s.com dns resolve
1:Host not found (authoritative) http://*c4e3o0gsm37o2cm3b4lg.cpb168.com dns resolve
1:Host not found (authoritative) http://s-t.by dns resolve
1:Host not found (authoritative) http://wc5w.qite.tv dns resolve
1:Host not found (authoritative) http://d3r7wk1xhheurd.ntwrkdrop.com dns resolve
1:Host not found (authoritative) http://*c4dqfe0sm37o2cgjhotg.qianhuopu.cn dns resolve
1:Host not found (authoritative) http://parvo.114ct.cn dns resolve
1:Host not found (authoritative) http://jiaotong.slgfservice.com dns resolve
1:Host not found (authoritative) http://www.94aivv.cn dns resolve
1:Host not found (authoritative) http://*c4delk0sm37o2cm74sag.23.107.206.36.cn dns resolve
1:Host not found (authoritative) http://preview-sjh.iguxomam.com dns resolve
1:Host not found (authoritative) http://*c4d7gdosm37o2cghh3q0.876f1.sxbest.com dns resolve
1:Host not found (authoritative) http://f1df9118-f619-11eb-811a-d89d67234824.pcihealth.com dns resolve
2:Host not found (non-authoritative), try again later http://ldswww.afrocoffee.co.za dns resolve
1:Host not found (authoritative) http://mx00.house.ctgi.cn dns resolve
1:Host not found (authoritative) http://x2ku.cnbetway.com dns resolve
1:Host not found (authoritative) http://staging.o1.ctgi.cn dns resolve
1:Host not found (authoritative) http://goblin-prod.ctgi.cn dns resolve
1:Host not found (authoritative) http://*c4dd7j0sm37o2chk92fg.bs.kanghuiyou.cn dns resolve
1:Host not found (authoritative) http://www.global.sbsd.edmodo.com dns resolve
1:Host not found (authoritative) http://*c5f6cogsm37t41g394k0.5751e.aiipc.com dns resolve
2:Host not found (non-authoritative), try again later http://ftp.gaspdesign.co.uk dns resolve
1:Host not found (authoritative) http://master2-i.ctgi.cn dns resolve
1:Host not found (authoritative) http://smm-test.chemhse.com dns resolve
1:Host not found (authoritative) http://*c4rgn50sm37retpdj2ng.0aydt.syd9.com dns resolve
1:Host not found (authoritative) http://myblogm.ctgi.cn dns resolve
1:Host not found (authoritative) http://www.pelicanpointbelize.com dns resolve
1:Host not found (authoritative) http://25i0w.bellezassalvajes.com dns resolve
1:Host not found (authoritative) http://gagv.fun271.com dns resolve
1:Host not found (authoritative) http://*c4e2csosm37o2cil10m0.dev.iyunshu.com dns resolve
1:Host not found (authoritative) http://x38xk3oef2944f3kpdaxv5k7vdiifco5an3pqk8nvdgjg96ij8eeq.i85675r99984nab3ol9lp4akf6jsjau74g7v483ivhq3pswj7vssajk4pg5.i6j7rrt9b36kx37slnrgutb8rsm2sgu89lcuvluvnulejk9sg27odtru.wmssh.com dns resolve
1:Host not found (authoritative) http://rsi628w1.redbullring.com dns resolve
1:Host not found (authoritative) http://blog-kjy.ctgi.cn dns resolve
1:Host not found (authoritative) http://nai.w75sacpk633bir.com dns resolve
1:Host not found (authoritative) http://*c4d89a0sm37o2cjll800.xaajk.com dns resolve
1:Host not found (authoritative) http://knoxville.umi-mcn.com dns resolve
1:Host not found (authoritative) http://lqs2.cnbetway.com dns resolve
1:Host not found (authoritative) http://mhome.xk41v506m7.com dns resolve
1:Host not found (authoritative) http://weifang.ayaztce.com dns resolve
1:Host not found (authoritative) http://dwim.92oz46nne1.com dns resolve
1:Host not found (authoritative) http://www.ipnhac.ctgi.cn dns resolve
1:Host not found (authoritative) http://*c4ekohgsm37o2cgv1kn0.yehongyi.vip.abiz.com dns resolve
1:Host not found (authoritative) http://*c4e0ta0sm37o2clfu78g.jinxingchi1.com.red dns resolve
1:Host not found (authoritative) http://caiku.y6p2p7f56t.com dns resolve
1:Host not found (authoritative) http://ddmqpp.ctgi.cn dns resolve
1:Host not found (authoritative) http://tpyh.19303.com dns resolve
2:Host not found (non-authoritative), try again later http://h211.34.17.98.dynamic.ip.windstream.net dns resolve
1:Host not found (authoritative) http://gt7x.qite.tv dns resolve
1:Host not found (authoritative) http://sadkeanu.ctgi.cn dns resolve
1:Host not found (authoritative) http://careglobalmel.mail.salesdoku.com dns resolve
1:Host not found (authoritative) http://*c4dkau0sm37o2cm8n8ig.zgbjfwcy.cn dns resolve
1:Host not found (authoritative) http://www.hk-86.icu dns resolve
1:Host not found (authoritative) http://mail.craterz.com dns resolve
1:Host not found (authoritative) http://test87.tyeoaikp.com dns resolve
1:Host not found (authoritative) http://openhuygens.ctgi.cn dns resolve
1:Host not found (authoritative) http://*c4fq0tersfejv4vvbp7g.chalcochem.cn dns resolve
1:Host not found (authoritative) http://bd-un1.gegokkm.com dns resolve
1:Host not found (authoritative) http://www.khaderandsons.com dns resolve
2:Host not found (non-authoritative), try again later http://plod.jxjcdc.com dns resolve
1:Host not found (authoritative) http://456f6f333a17d536ab65e15a22d2224c.clo.footprintdns.com dns resolve
1:Host not found (authoritative) http://www.onelife-ministries.com dns resolve
1:Host not found (authoritative) http://api.pgc.ctgi.cn dns resolve
1:Host not found (authoritative) http://ba8c.5488s.com dns resolve
2:Host not found (non-authoritative), try again later http://d117.ywyarrc.com dns resolve
1:Host not found (authoritative) http://qiyeyun-test.ayaztce.com dns resolve
1:Host not found (authoritative) http://cvxastro.x96pciw7tvbpv1.com dns resolve
1:Host not found (authoritative) http://adsl-64-108-102-147.dsl.wotnoh.ameritech.net dns resolve
2:Host not found (non-authoritative), try again later http://lyai.cn dns resolve
1:Host not found (authoritative) http://captainstable.community dns resolve
1:Host not found (authoritative) http://opspreceding.ctgi.cn dns resolve
1:Host not found (authoritative) http://bp6j.tgpd.com dns resolve
1:Host not found (authoritative) http://ld44.cnbetway.com dns resolve
1:Host not found (authoritative) http://donnacona.77cr0ip236.com dns resolve
1:Host not found (authoritative) http://*c4akubgsm37qdthm3hhg.beta.qqjapan.com dns resolve
1:Host not found (authoritative) http://dvsg.qite.tv dns resolve
1:Host not found (authoritative) http://bpf2.5uec9e3sj2.com dns resolve
1:Host not found (authoritative) http://*c4ec6d0sm37o2cmr2mlg.shoushanshidiao.7.biz dns resolve
1:Host not found (authoritative) http://fwwt.0704.com dns resolve
1:Host not found (authoritative) http://9vvf.aaa.cc dns resolve
1:Host not found (authoritative) http://wap-e2t.j19xdp7.cn dns resolve
1:Host not found (authoritative) http://baaisandbox.bj6s8sy30d.com dns resolve
1:Host not found (authoritative) http://www.qxvndi.shop dns resolve
1:Host not found (authoritative) http://staff.sal.ctgi.cn dns resolve
1:Host not found (authoritative) http://zbylive.yqmoybz.com dns resolve
1:Host not found (authoritative) http://*c4dk9egsm37o2clim5eg.magentova4.cloudmail.atyun.net dns resolve
1:Host not found (authoritative) http://chatw-42.origin-stream.highwebmedia.com dns resolve
1:Host not found (authoritative) http://*c4b9cf0sm37o2chtjlp0.sit.passiontec.cn dns resolve
1:Host not found (authoritative) http://m.441999.cn dns resolve
1:Host not found (authoritative) http://*c4ib8r8sm37sd8c43hhg.zhonghai.hk2.ejion.net dns resolve
1:Host not found (authoritative) http://shenka.zku006.cn dns resolve
1:Host not found (authoritative) http://haokanupdate.w44zz4ry9c.com dns resolve
1:Host not found (authoritative) http://px7eikxx4nc7p.www90coxenge-health-follow-up-service.wire.community.paypalconnectedcommerce.cn dns resolve
1:Host not found (authoritative) http://m32-150.22z8m52occ.com dns resolve
1:Host not found (authoritative) http://abdp.hk64x43pk2.com dns resolve
1:Host not found (authoritative) http://*c4e0rhosm37o2cklqpj0.jindunmeijia.com.red dns resolve
1:Host not found (authoritative) http://*c4d7tt8sm37o2cmhfb4g.jzxyy.hosp.tsingcreate.cn dns resolve
1:Host not found (authoritative) http://*c4ek9cosm37o2ci183h0.xttelecom.com dns resolve
1:Host not found (authoritative) http://*c4e3isosm37o2cjnmavg.linzi.cc dns resolve
1:Host not found (authoritative) http://volnay.tmrxwaxx.com dns resolve
1:Host not found (authoritative) http://mzz6.qp666.com dns resolve
1:Host not found (authoritative) http://postdoctorcorp.ctgi.cn dns resolve
2:Host not found (non-authoritative), try again later http://stella-elit.ru dns resolve
1:Host not found (authoritative) http://bdvis.zeotap.com dns resolve
1:Host not found (authoritative) http://ricker.aqxovgiz.com dns resolve
1:Host not found (authoritative) http://0z7t.qp666.com dns resolve
1:Host not found (authoritative) http://*c4e7n9gsm37o2cnbndk0.sxcx.xyz dns resolve
1:Host not found (authoritative) http://ytu1.qite.tv dns resolve
1:Host not found (authoritative) http://adm-webtools.ctgi.cn dns resolve
1:Host not found (authoritative) http://download.eq2p0niz.tw dns resolve
1:Host not found (authoritative) http://pid-cmdb-jd-com-jcloud-admin.m7686d7aw5.com dns resolve
1:Host not found (authoritative) http://wuchang.fast666e4qoxi3upxhb.com dns resolve
1:Host not found (authoritative) http://dymmel.fallguys.com dns resolve
1:Host not found (authoritative) http://ddtspeedtest1.ctgi.cn dns resolve
1:Host not found (authoritative) http://wtur.qite.tv dns resolve
1:Host not found (authoritative) http://*c4en0b8sm37o2cgc0lc0.emaanshan.com dns resolve
2:Host not found (non-authoritative), try again later http://www.merebel.org dns resolve
1:Host not found (authoritative) http://*c4d7eo0sm37o2cnr5e8g.smy.bju-pro.com dns resolve
1:Host not found (authoritative) http://mitest.o22f7bnwhz.com dns resolve
1:Host not found (authoritative) http://*c4in5pgsm37sd8em5hb0.dalimai.cn dns resolve
1:Host not found (authoritative) http://mta101.mtaorfxu.com dns resolve
1:Host not found (authoritative) http://www.7130008.com dns resolve
1:Host not found (authoritative) http://bdms.tlc288.com dns resolve
1:Host not found (authoritative) http://bohg.dbm.caesarsgames.com dns resolve
2:Host not found (non-authoritative), try again later http://device1642614-915ce8eb-local.snpb.ir dns resolve
1:Host not found (authoritative) http://www.kindkerry.com dns resolve
2:Host not found (non-authoritative), try again later http://gxjs.womenconverseshoes.com dns resolve
1:Host not found (authoritative) http://nlc.7hg4gjb5t9.com dns resolve
1:Host not found (authoritative) http://ax-staff.ctgi.cn dns resolve
1:Host not found (authoritative) http://z7j5.qite.tv dns resolve
1:Host not found (authoritative) http://*c4b6ft8sm37o2cl1udpg.icb.yuer.com dns resolve
1:Host not found (authoritative) http://zx0093.eearztm.com dns resolve
1:Host not found (authoritative) http://kresgemac.wtuopift.com dns resolve
1:Host not found (authoritative) http://iymd.bwaycn.com dns resolve
1:Host not found (authoritative) http://sni113490.zeotap.com dns resolve
1:Host not found (authoritative) http://eu.techan.ctgi.cn dns resolve
1:Host not found (authoritative) http://99xkg7.ysyy4.top dns resolve
1:Host not found (authoritative) http://6zkb.aaa.cc dns resolve
1:Host not found (authoritative) http://*c5g0l7slgmibg2lre8v0.mall.meilala-china.com dns resolve
1:Host not found (authoritative) http://www.cm2jmiu.cn dns resolve
1:Host not found (authoritative) http://rcurylo.ma60.com dns resolve
1:Host not found (authoritative) http://shrinehaus.com dns resolve
1:Host not found (authoritative) http://inactivity.pqyvzr56aceitx.com dns resolve
1:Host not found (authoritative) http://nx7p.hamuzi.com dns resolve
1:Host not found (authoritative) http://ep6s.rrlishi.com dns resolve
2:Host not found (non-authoritative), try again later http://g18-gs-1002.015oydbddr.com dns resolve
1:Host not found (authoritative) http://tooffer.ntwrkdrops.com dns resolve
1:Host not found (authoritative) http://qstu.jbo8877.com dns resolve
1:Host not found (authoritative) http://soglasovanie-online.ru dns resolve
1:Host not found (authoritative) http://vag.nationalcastingcall.com dns resolve
1:Host not found (authoritative) http://ztg.peaymtep.com dns resolve
1:Host not found (authoritative) http://q1js.0704.com dns resolve
1:Host not found (authoritative) http://kyc.e.ctgi.cn dns resolve
1:Host not found (authoritative) http://actress.lib.ctgi.cn dns resolve
1:Host not found (authoritative) http://mta11.y70qeg6506.com dns resolve
1:Host not found (authoritative) http://o2kb.aaa.cc dns resolve
1:Host not found (authoritative) http://ztjpv.91ym4q.wmssh.com dns resolve
1:Host not found (authoritative) http://*c4e655osm37o2cgv7qbg.jiangsu.jinyingjie.com dns resolve
1:Host not found (authoritative) http://ohx-angle.ctgi.cn dns resolve
1:Host not found (authoritative) http://www.3308r.co dns resolve
1:Host not found (authoritative) http://acwx.qite.tv dns resolve
1:Host not found (authoritative) http://*c4e035gsm37o2chi6p5g.netwww.pmyes.net dns resolve
1:Host not found (authoritative) http://ags.q9bnvsup1t.com dns resolve
1:Host not found (authoritative) http://*c5hqt9klgmi2bei6un8g.fyeds5.com dns resolve
1:Host not found (authoritative) http://siconet-it.vwasexau.com dns resolve
1:Host not found (authoritative) http://786e.tlc288.com dns resolve
1:Host not found (authoritative) http://flightadsb.888syw.com dns resolve
1:Host not found (authoritative) http://khkp.qp666.com dns resolve
1:Host not found (authoritative) http://2p2v.qp666.com dns resolve
2:Host not found (non-authoritative), try again later http://leg.hym2.com dns resolve
1:Host not found (authoritative) http://cq6v.5488s.com dns resolve
1:Host not found (authoritative) http://zq3blf.beiyi2323.com dns resolve
1:Host not found (authoritative) http://www.service.security.ntwrkdrop.com dns resolve
1:Host not found (authoritative) http://www.grazingtakesalifetime.top dns resolve
1:Host not found (authoritative) http://zzjc56.cn dns resolve
1:Host not found (authoritative) http://iothub.qztelecom.com dns resolve
1:Host not found (authoritative) http://*c59sja0sm37t41jfm7ug.14.1234123.net dns resolve
1:Host not found (authoritative) http://*c4u9s18sm37rett64aj0.senjucraft.com dns resolve
1:Host not found (authoritative) http://bbe9.aaa.cc dns resolve
1:Host not found (authoritative) http://44ep.5488s.com dns resolve
1:Host not found (authoritative) http://*c5ap7g8sm37t41knb8rg.8a058.sx365315.com dns resolve
1:Host not found (authoritative) http://mail.thisguyshotsauce.com dns resolve
1:Host not found (authoritative) http://homoecos.lv dns resolve
1:Host not found (authoritative) http://hs1._domainkey.sensemedia-events.com dns resolve
1:Host not found (authoritative) http://*c4da990sm37o2cgpcgug.dev.yes-hr.com dns resolve
1:Host not found (authoritative) http://ibanez.xfyunxiao.com dns resolve
1:Host not found (authoritative) http://m.imake.ctgi.cn dns resolve
1:Host not found (authoritative) http://kwl9.tgpd.com dns resolve
1:Host not found (authoritative) http://*c4iniagsm37sd89d98qg.xlinfo.cn dns resolve
1:Host not found (authoritative) http://mail.dftk.tk dns resolve
2:Host not found (non-authoritative), try again later http://otsenka-master.ru dns resolve
1:Host not found (authoritative) http://kopasker.oorswbvs.com dns resolve
1:Host not found (authoritative) http://*c5cadp0sm37t41i9blvg.c6.n0.hc1.wezhan.cn dns resolve
1:Host not found (authoritative) http://*c5br7h0sm37t41hods9g.16834655.707070.cn dns resolve
1:Host not found (authoritative) http://ht-gzjc-api.iflyturing.com dns resolve
1:Host not found (authoritative) http://*c4d2o58sm37o2cgfdss0.jutadata.cn dns resolve
1:Host not found (authoritative) http://www.ykfls.online dns resolve
1:Host not found (authoritative) http://8g7g.ymydgnb.xyz dns resolve
1:Host not found (authoritative) http://vdihk.wedev.cool dns resolve
1:Host not found (authoritative) http://www.shibamax.co dns resolve
1:Host not found (authoritative) http://weinanshibaijiale.ctgi.cn dns resolve
1:Host not found (authoritative) http://*c5d377gsm37t41ltdhsg.1netbi.com dns resolve
1:Host not found (authoritative) http://www.sthelierglassandglazing24houremergencyglaziers.co.uk dns resolve
2:Host not found (non-authoritative), try again later http://ecod-fe.psasp.net dns resolve
1:Host not found (authoritative) http://*c4ekc48sm37o2cj9v290.zhixiaoxinxi.com dns resolve
1:Host not found (authoritative) http://carman.gxewachw.com dns resolve
1:Host not found (authoritative) http://www.xqcclq.work dns resolve
1:Host not found (authoritative) http://*c4sdmfosm37retqrk7d0.dlx.200513.com dns resolve
1:Host not found (authoritative) http://arfk.5488s.com dns resolve
1:Host not found (authoritative) http://*c4lbgp8sm37srgtbdl10.sjztxj.sooshong.com dns resolve
1:Host not found (authoritative) http://7f67.qp666.com dns resolve
1:Host not found (authoritative) http://232.154.159.209.truncate.gbudb.net dns resolve
1:Host not found (authoritative) http://3x24.5488s.com dns resolve
1:Host not found (authoritative) http://sas-reg-0027.sasg.aigfn.com dns resolve
1:Host not found (authoritative) http://2gzo.liupi.com dns resolve
1:Host not found (authoritative) http://*c5bc1j8sm37t41g5ltvg.smtp.prcjx.net dns resolve
1:Host not found (authoritative) http://sjd2.aaa.cc dns resolve
1:Host not found (authoritative) http://mag.pearlharbortickets.net dns resolve
1:Host not found (authoritative) http://nlnf.tgpd.com dns resolve
1:Host not found (authoritative) http://qanc5.algolia.net dns resolve
1:Host not found (authoritative) http://*c4ej748sm37o2cippcqg.563499.zhen.shi.cn dns resolve
2:Host not found (non-authoritative), try again later http://jackiestokes.com dns resolve
1:Host not found (authoritative) http://1d0z.aaa.cc dns resolve
1:Host not found (authoritative) http://*c5bkpgosm37t41n605ig.cll.alwindoor.com dns resolve
1:Host not found (authoritative) http://xdapp.mcozubfe.com dns resolve
1:Host not found (authoritative) http://*c5affb8sm37t41lufoig.comwww.botengkj.com dns resolve
1:Host not found (authoritative) http://haifanlp.-ify.whisper.shequ.ghzq.cn dns resolve
1:Host not found (authoritative) http://goldenworld.club dns resolve
1:Host not found (authoritative) http://hfk8.tlc288.com dns resolve
1:Host not found (authoritative) http://akesu.xoimwcv.com dns resolve
1:Host not found (authoritative) http://*c4u8r1osm37rett78avg.53w.ywgoo.cn dns resolve
1:Host not found (authoritative) http://vwvv-mall.ctgi.cn dns resolve
1:Host not found (authoritative) http://benkmelllat-ir.top dns resolve
1:Host not found (authoritative) http://*c5btbd8sm37t41irvc90.ngrok.wenyunet.com dns resolve
1:Host not found (authoritative) http://nmksajf.zl7bdtt.cn dns resolve
1:Host not found (authoritative) http://www.qwzawh.space dns resolve
1:Host not found (authoritative) http://*c5a60t1303f4bboa7ktg.dthzbj.com dns resolve
1:Host not found (authoritative) http://3qf5.qp666.com dns resolve
1:Host not found (authoritative) http://x2d13e55.dyn.telefonica.de dns resolve
1:Host not found (authoritative) http://ns1.raceng.com.br dns resolve
1:Host not found (authoritative) http://aztecs.pima.edu dns resolve
2:Host not found (non-authoritative), try again later http://190-82-92-64.static.tie.cl dns resolve
1:Host not found (authoritative) http://*c5q27dclgmi71vds4d4g.mwwhj.com dns resolve
1:Host not found (authoritative) http://-in-store.redbullyou.com dns resolve
2:Host not found (non-authoritative), try again later http://216.199.184.176.nw.nuvox.net dns resolve
1:Host not found (authoritative) http://www.risenewmanlaw.com dns resolve
1:Host not found (authoritative) http://vegasluxeshow.org dns resolve
1:Host not found (authoritative) http://*.na10.visual.jsm1rmd001-force.com.crm.cisco.com dns resolve
1:Host not found (authoritative) http://i180-63-248-58.s99.a049.ap.plala.or.jp dns resolve
1:Host not found (authoritative) http://jspe.qite.tv dns resolve
1:Host not found (authoritative) http://www.wwwxinweide.co dns resolve
1:Host not found (authoritative) http://*c4sb1p0sm37retq7st8g.nuokelai.top dns resolve
1:Host not found (authoritative) http://*c4sesfosm37retuqj84g.mjn.200513.com dns resolve
2:Host not found (non-authoritative), try again later http://nixkjgb.lc.cn dns resolve
1:Host not found (authoritative) http://mail.cashloan.servicead44.co.za dns resolve
1:Host not found (authoritative) http://ocw.xuezqgew.com dns resolve
1:Host not found (authoritative) http://8ixy.tgpd.com dns resolve
1:Host not found (authoritative) http://www.yanjiang.ren dns resolve
1:Host not found (authoritative) http://g1b2t.qumao518.top dns resolve
1:Host not found (authoritative) http://ssh1.email.ctgi.cn dns resolve
1:Host not found (authoritative) http://i1ds.19303.com dns resolve
1:Host not found (authoritative) http://kolix.huaerjie.cn dns resolve
1:Host not found (authoritative) http://thegolfpro.uk dns resolve
1:Host not found (authoritative) http://www.hjhhaa.shop dns resolve
1:Host not found (authoritative) http://panter-www.staff-welding.wire.combat-assets.sgg.fi dns resolve
1:Host not found (authoritative) http://vh0s30.pdjci.com dns resolve
1:Host not found (authoritative) http://149360958.v2.caesarsgames.com dns resolve
1:Host not found (authoritative) http://ffxivteamcraft.projektwerkberg.net dns resolve
1:Host not found (authoritative) http://rivers.-gram.whisper.shequ.ghzq.cn dns resolve
1:Host not found (authoritative) http://6t8z.qp666.com dns resolve
1:Host not found (authoritative) http://*c4move8sm37retv1hl80.pp.alibabatech.org dns resolve
1:Host not found (authoritative) http://www.ursian.online dns resolve
1:Host not found (authoritative) http://saglikliyasayin.sellzone.com dns resolve
1:Host not found (authoritative) http://e9effac8-f0b6-11eb-87a6-005056834623.971v.com dns resolve
1:Host not found (authoritative) http://*c5c36iosm37t41hsklqg.jujiangzym.eeeqi.net dns resolve
1:Host not found (authoritative) http://x4e333d3c.dyn.telefonica.de dns resolve
1:Host not found (authoritative) http://campmat.dev.sendcloud.sc dns resolve
1:Host not found (authoritative) http://www.yyse88.top dns resolve
1:Host not found (authoritative) http://baozha.ya3i8kb58k.com dns resolve
1:Host not found (authoritative) http://vo8v.liupi.com dns resolve
1:Host not found (authoritative) http://oe3q.codiaccurling.com dns resolve
1:Host not found (authoritative) http://ocrapi-ai.kgxtwhia.com dns resolve
1:Host not found (authoritative) http://qns.fast666ie6zotw4a1x4h.com dns resolve
1:Host not found (authoritative) http://5sbs.qp666.com dns resolve
1:Host not found (authoritative) http://mail-02.lu8op7g829.com dns resolve
2:Host not found (non-authoritative), try again later http://www.tekkra.com dns resolve
1:Host not found (authoritative) http://68vg.5488s.com dns resolve
1:Host not found (authoritative) http://bvip.djfww.com dns resolve
1:Host not found (authoritative) http://*c5bjps0sm37t41g0g8v0.expimp.com dns resolve
1:Host not found (authoritative) http://rcowan.fhzggame.com dns resolve
1:Host not found (authoritative) http://divazstyle.ousd.com dns resolve
1:Host not found (authoritative) http://jeffmeyers.net dns resolve
1:Host not found (authoritative) http://www.controlmat.teamsnap.com dns resolve
1:Host not found (authoritative) http://*c4dpnigsm37o2cm12ed0.com.findbest.vip dns resolve
1:Host not found (authoritative) http://*c5bqc38sm37t41j7fhm0.vq8x7.dushiol.com dns resolve
1:Host not found (authoritative) http://hk-icacglobal.xn--zfr164b.cn dns resolve
1:Host not found (authoritative) http://nh202ww03.stollab.gac.edu dns resolve
1:Host not found (authoritative) http://image2.xswytarg.com dns resolve
1:Host not found (authoritative) http://krikkit.evketmba.com dns resolve
1:Host not found (authoritative) http://shout.gqprgkr.com dns resolve
1:Host not found (authoritative) http://s27.kwaibusiness.com dns resolve
1:Host not found (authoritative) http://www.terramed.researchgate.net dns resolve
1:Host not found (authoritative) http://lazarus.giftcards.com dns resolve
1:Host not found (authoritative) http://ns0.stream.ru dns resolve
1:Host not found (authoritative) http://8zvl.46698tj.com dns resolve
1:Host not found (authoritative) http://embajadazona18.org dns resolve
1:Host not found (authoritative) http://*c5f8vlgsm37t41muhhe0.75311.zxdyw.com dns resolve
1:Host not found (authoritative) http://www.xjzxb.top dns resolve
1:Host not found (authoritative) http://staging-o2o.gxwauexi.com dns resolve
2:Host not found (non-authoritative), try again later http://h101.104.17.98.static.ip.windstream.net dns resolve
1:Host not found (authoritative) http://wapbd.uqsrtga.com dns resolve
1:Host not found (authoritative) http://mfib.tlc288.com dns resolve
1:Host not found (authoritative) http://tzcc.aaa.cc dns resolve
1:Host not found (authoritative) http://xjtjby.cn dns resolve
1:Host not found (authoritative) http://mx.compuconn.net dns resolve
1:Host not found (authoritative) http://sjm.epqirikr.com dns resolve
1:Host not found (authoritative) http://u570.caesarsgames.com dns resolve
1:Host not found (authoritative) http://grid01.vrscoify.com dns resolve
1:Host not found (authoritative) http://556ag.72rz9v987t.com dns resolve
2:Host not found (non-authoritative), try again later http://snewsnavi.prayaya.com dns resolve
2:Host not found (non-authoritative), try again later http://ilios.a53kta7xmof5x9.com dns resolve
1:Host not found (authoritative) http://expertdr.files.redbull.kiwi dns resolve
1:Host not found (authoritative) http://*c5a5bq8sm37t41inhmc0.scyzdq.com dns resolve
1:Host not found (authoritative) http://www.miaomi005.fun dns resolve
1:Host not found (authoritative) http://vixen2.ctgi.cn dns resolve
1:Host not found (authoritative) http://fygv.aaa.cc dns resolve
1:Host not found (authoritative) http://88.176.50.117.dnsbl-1.uceprotect.net dns resolve
1:Host not found (authoritative) http://tffn.0704.com dns resolve
1:Host not found (authoritative) http://bitflate.cminors-pool.com dns resolve
1:Host not found (authoritative) http://nitroads.club.redbull.blue dns resolve
1:Host not found (authoritative) http://www.thegioiamnhac.top dns resolve
1:Host not found (authoritative) http://host231-40.caesarsgames.com dns resolve
1:Host not found (authoritative) http://fincontract.tpvaoxzg.com dns resolve
1:Host not found (authoritative) http://shsforum.ctgi.cn dns resolve
1:Host not found (authoritative) http://ip1972699037.jxfzlt.cn dns resolve
1:Host not found (authoritative) http://atkonrad.-based.whisper.shequ.ghzq.cn dns resolve
1:Host not found (authoritative) http://n3jc3hx9v6uplpb3nh29fe34j5ab62wasmg6jfalwdv9u38lh5npo4f.glakojjkoo5gb6oosqw69gmoqqpqrs2psgafjld7ave69h2mmpxlfhga.aihvaoaaqdfmha7vb362fjrw9rjv4pjq47wnad7696sib5mjlr9dnevj2mriom.ghsdt7cpmrkr6ka.wmssh.com dns resolve
1:Host not found (authoritative) http://barents.tencentcloud.io dns resolve
1:Host not found (authoritative) http://11.bigmountainpro.com dns resolve
1:Host not found (authoritative) http://cyber-funk.co.za dns resolve
1:Host not found (authoritative) http://wehr.tvyigbft.com dns resolve
1:Host not found (authoritative) http://tdry.5488s.com dns resolve
1:Host not found (authoritative) http://36yf.tlc288.com dns resolve
1:Host not found (authoritative) http://v3m.ercsoavm.com dns resolve
1:Host not found (authoritative) http://4cp8.aaa.cc dns resolve
1:Host not found (authoritative) http://*c5c9kk0sm37t41l3aoug.q1a5y.sishilipu.cn dns resolve
1:Host not found (authoritative) http://thelearnologist.co.uk dns resolve
1:Host not found (authoritative) http://*.prerelna1.visual.pre.force.ucm-ap162-bglcom.crm.cisco.com dns resolve
1:Host not found (authoritative) http://mysql57.duapp.com dns resolve
1:Host not found (authoritative) http://sandbox.hebei.ctgi.cn dns resolve
1:Host not found (authoritative) http://v6.46168g51sd.com dns resolve
1:Host not found (authoritative) http://flgq.tlc288.com dns resolve
1:Host not found (authoritative) http://jnu3.tgpd.com dns resolve
1:Host not found (authoritative) http://host97-21.mail.salesdoku.com dns resolve
2:Host not found (non-authoritative), try again later http://www.jdellavia.com dns resolve
1:Host not found (authoritative) http://42.151.49.110.truncate.gbudb.net dns resolve
2:Host not found (non-authoritative), try again later http://ftp.healthhelpblog.com dns resolve
2:Host not found (non-authoritative), try again later http://86415.aoerg7y93p3rfh.com dns resolve
1:Host not found (authoritative) http://rlyr.bw8008.com dns resolve
1:Host not found (authoritative) http://*c5frq40sm37t41npa360.yuanyigene.com dns resolve
1:Host not found (authoritative) http://*c4e2oigsm37o2cg0bpu0.comtestapi.zihaiwangluo.com dns resolve
1:Host not found (authoritative) http://1qx1.0704.com dns resolve
2:Host not found (non-authoritative), try again later http://ftp.saniya.sa dns resolve
1:Host not found (authoritative) http://*c5adrdgsm37t41jh7ibg.guhuihe.m.biz dns resolve
1:Host not found (authoritative) http://rt42.qite.tv dns resolve
1:Host not found (authoritative) http://1631363325.202.127.28.204.ee3m83.cn dns resolve
1:Host not found (authoritative) http://bofangyulechengyouhui.ctgi.cn dns resolve
1:Host not found (authoritative) http://*c4d6gk8sm37o2cidu8ng.ht.caimeiprinter.com dns resolve
1:Host not found (authoritative) http://9kb6.aaa.cc dns resolve
1:Host not found (authoritative) http://*c4bdb7ursfeqent02nr0.ewanyuan.cn dns resolve
1:Host not found (authoritative) http://corp.expression.ctgi.cn dns resolve
1:Host not found (authoritative) http://www.becomingdigital.xyz dns resolve
1:Host not found (authoritative) http://klb.tsagieta.com dns resolve
1:Host not found (authoritative) http://www.miallblog.com dns resolve
1:Host not found (authoritative) http://x4e37f8c9.dyn.telefonica.de dns resolve
1:Host not found (authoritative) http://jknj.liupi.com dns resolve
1:Host not found (authoritative) http://mail.nzpm.net dns resolve
1:Host not found (authoritative) http://huya-w20.slgfservice.com dns resolve
1:Host not found (authoritative) http://z4ff.46698tj.com dns resolve
1:Host not found (authoritative) http://globalrealestatebook.com dns resolve
1:Host not found (authoritative) http://smtp.savinglives.ru dns resolve
1:Host not found (authoritative) http://*c5hq7tklgmi2bemi3prg.v3.hnrich.net dns resolve
1:Host not found (authoritative) http://moe.uhi.ac.uk dns resolve
1:Host not found (authoritative) http://orreorre.caesarsgames.com dns resolve
1:Host not found (authoritative) http://email.mail-vip.ctgi.cn dns resolve
1:Host not found (authoritative) http://72.211.230.121.rep.mailspike.net dns resolve
1:Host not found (authoritative) http://schnecke.gegokkm.com dns resolve
1:Host not found (authoritative) http://*c4japfersfehm83ls6v0.iaeg846tzifet.com dns resolve
1:Host not found (authoritative) http://q99tpqjmlnttttuk8rsl7pm.wmssh.com dns resolve
1:Host not found (authoritative) http://olp.ibforklifts.com dns resolve
1:Host not found (authoritative) http://ops.testvpn.ctgi.cn dns resolve
1:Host not found (authoritative) http://www.jodmp.net dns resolve
1:Host not found (authoritative) http://ch7i.bwaycn.com dns resolve
2:Host not found (non-authoritative), try again later http://rockne.jxjcdc.com dns resolve
1:Host not found (authoritative) http://l5s4.5488s.com dns resolve
1:Host not found (authoritative) http://*c5aeojosm37t41nt2jlg.svcpower.com dns resolve
1:Host not found (authoritative) http://stagingzzb1.ctgi.cn dns resolve
1:Host not found (authoritative) http://www.zsund.shop dns resolve
1:Host not found (authoritative) http://pop.teatroribeiroconceicao.pt dns resolve
1:Host not found (authoritative) http://hostmaster.xn--fiqv1lgb972aev0ckj1agbd.net dns resolve
1:Host not found (authoritative) http://*c4i81qosm37sd8dvk8ng.59643.dadishuini.com dns resolve
1:Host not found (authoritative) http://zsgs.qite.tv dns resolve
2:Host not found (non-authoritative), try again later http://udz.e34zpugqh349.com dns resolve
1:Host not found (authoritative) http://*c4sf4kgsm37retvm8tsg.var.200513.com dns resolve
1:Host not found (authoritative) http://*c4mpkposm37retsi9ukg.haozhai.com dns resolve
1:Host not found (authoritative) http://yuynn.91ym4q.wmssh.com dns resolve
1:Host not found (authoritative) http://stuart.gxgwuxe.com dns resolve
1:Host not found (authoritative) http://sgucc.aaxcgfzc.com dns resolve
1:Host not found (authoritative) http://lua4.qp666.com dns resolve
1:Host not found (authoritative) http://2.5.6.3.8.3.1.9.1.a.3.4.a.f.9.1.0.0.3.d.8.5.d.9.0.0.0.7.7.0.4.2.ip6.arpa dns resolve
1:Host not found (authoritative) http://*c5fqhtslgmi9gbeei3o0.sgcctd.com dns resolve
1:Host not found (authoritative) http://gdm-chelm.crc1964.com dns resolve
1:Host not found (authoritative) http://u4yp.tlc288.com dns resolve
1:Host not found (authoritative) http://*c4efdggsm37o2cl1s6r0.jinshupenshaji.9.biz dns resolve
1:Host not found (authoritative) http://xxxooo.xmcimg.com dns resolve
1:Host not found (authoritative) http://ynlg.qp666.com dns resolve
1:Host not found (authoritative) http://*c5d8228sm37t41kjj57g.xjhww.epyes.com dns resolve
1:Host not found (authoritative) http://*c4e5gjosm37o2cno510g.slyi.cc dns resolve
1:Host not found (authoritative) http://1d866.marketuno.com dns resolve
1:Host not found (authoritative) http://djmusic.china.cn dns resolve
1:Host not found (authoritative) http://k1xl.qp666.com dns resolve
1:Host not found (authoritative) http://session-investor.api.dev.migration.ox.mijndomein.nl dns resolve
1:Host not found (authoritative) http://movies-free-thai.giftcards.com dns resolve
1:Host not found (authoritative) http://*c4tqui0sm37retpehiig.frps.dayin8.com dns resolve
1:Host not found (authoritative) http://*c4e0uaosm37o2clutte0.juyinmei2019.com.red dns resolve
1:Host not found (authoritative) http://*c4d5uegsm37o2cicvgug.adminsystem.applinzi.com dns resolve
1:Host not found (authoritative) http://3hma6.j6nk46.cn dns resolve
1:Host not found (authoritative) http://midoffice.hostmaster.hostmaster.host41.sj.best.com dns resolve
1:Host not found (authoritative) http://tjj7.hamuzi.com dns resolve
1:Host not found (authoritative) http://qhtr.qp666.com dns resolve
1:Host not found (authoritative) http://www.ns3019622.mail.salesdoku.com dns resolve
1:Host not found (authoritative) http://macbook-eu.ctgi.cn dns resolve
1:Host not found (authoritative) http://4532469.fls.sellzone.com dns resolve
1:Host not found (authoritative) http://www.x60w9x.cn dns resolve
1:Host not found (authoritative) http://ic90.zibibi.com dns resolve
1:Host not found (authoritative) http://s1-im.qtscifbz.com dns resolve
2:Host not found (non-authoritative), try again later http://91-106.cloudflowery.cn dns resolve
1:Host not found (authoritative) http://ibuf.95562.xyz dns resolve
1:Host not found (authoritative) http://yeki.tlc288.com dns resolve
1:Host not found (authoritative) http://webmail.iamnotthebabysitter.com dns resolve
1:Host not found (authoritative) http://craftsonair.redbullstitched.me dns resolve
1:Host not found (authoritative) http://zwkvn.qwf4v3534yb.com dns resolve
1:Host not found (authoritative) http://www.wing173.cn dns resolve
1:Host not found (authoritative) http://terra-architecteurs.com dns resolve
1:Host not found (authoritative) http://efmv.qite.tv dns resolve
1:Host not found (authoritative) http://antrttv.cantfar.com dns resolve
1:Host not found (authoritative) http://x4db40763.dyn.telefonica.de dns resolve
1:Host not found (authoritative) http://intra.drupal7.ctgi.cn dns resolve
1:Host not found (authoritative) http://z16i.aaa.cc dns resolve
1:Host not found (authoritative) http://sni39014.fallguys.com dns resolve
1:Host not found (authoritative) http://hnzz.y03st58z8k.com dns resolve
1:Host not found (authoritative) http://*c4ohdt8sm37retvcfurg.aliyun10002.dns88.cn dns resolve
1:Host not found (authoritative) http://mip.propstest.com dns resolve
1:Host not found (authoritative) http://*c5hpodgsm37t41ksuh50.abc-21.xyz dns resolve
1:Host not found (authoritative) http://zarmilaan.osiztechnologies.in dns resolve
1:Host not found (authoritative) http://*c4ekogosm37o2cgu521g.zhaopump.com dns resolve
1:Host not found (authoritative) http://*c5hqmi4lgmi2bego3rfg.vapp.cloudhost.link dns resolve
1:Host not found (authoritative) http://*c5f91t8sm37t41n691h0.56236.zxdyw.com dns resolve
2:Host not found (non-authoritative), try again later http://m14cfe2360b23.atlt2.ga.comcast.net dns resolve
1:Host not found (authoritative) http://sipexternal.eu.medical.canon dns resolve
1:Host not found (authoritative) http://prdlive.mcozubfe.com dns resolve
1:Host not found (authoritative) http://yume2kki.rbarcp.jp dns resolve
1:Host not found (authoritative) http://v.cqsj.ctgi.cn dns resolve
1:Host not found (authoritative) http://www.twijabber.top dns resolve
1:Host not found (authoritative) http://hpcndpod.tenzero.xyz dns resolve
1:Host not found (authoritative) http://52ia.tgpd.com dns resolve
1:Host not found (authoritative) http://reset.zgshxcsy.cn dns resolve
2:Host not found (non-authoritative), try again later http://unitsmx.ru dns resolve
1:Host not found (authoritative) http://a8p7.cnbetway.com dns resolve
1:Host not found (authoritative) http://amen.wqtoatbi.com dns resolve
1:Host not found (authoritative) http://www.okayaptitudeyoke.top dns resolve
1:Host not found (authoritative) http://moaportal.5n8cgg0ln2.com dns resolve
1:Host not found (authoritative) http://tx-api.tasvxxpo.com dns resolve
1:Host not found (authoritative) http://x1hp.tgpd.com dns resolve
1:Host not found (authoritative) http://*c58a3agsm37t41n13bg0.txfxyq.cpooo.com dns resolve
1:Host not found (authoritative) http://ncsss.redbullmet.com dns resolve
1:Host not found (authoritative) http://internalclan.ctgi.cn dns resolve
2:Host not found (non-authoritative), try again later http://mail.freehodhod.ir dns resolve
1:Host not found (authoritative) http://a-69-196-232-135site.ebrary.com.lesley.ezproxy.blackboard.com dns resolve
1:Host not found (authoritative) http://errorrepairpro.com dns resolve
1:Host not found (authoritative) http://skopelos.5n8cgg0ln2.com dns resolve
1:Host not found (authoritative) http://ywlqvz.cn dns resolve
1:Host not found (authoritative) http://weinan-mail.ctgi.cn dns resolve
1:Host not found (authoritative) http://www.eztxtpuller.getntwrk.com dns resolve
1:Host not found (authoritative) http://5how.tgpd.com dns resolve
1:Host not found (authoritative) http://xianfeng.xn--fiqwi52knne9a989d5i7hknd.com dns resolve
1:Host not found (authoritative) http://collabosync.de dns resolve
1:Host not found (authoritative) http://chinatelecom.slgfservice.com dns resolve
1:Host not found (authoritative) http://*c5dcmr8sm37t41n90iq0.28267.xmjxx.com dns resolve
1:Host not found (authoritative) http://lf4o.fun271.com dns resolve
1:Host not found (authoritative) http://wuwl.bwei101.com dns resolve
1:Host not found (authoritative) http://ngid.1eja742hd2.com dns resolve
1:Host not found (authoritative) http://dab3.aaa.cc dns resolve
1:Host not found (authoritative) http://*c4t7b40sm37retqcjbh0.72420.zxdyw.com dns resolve
1:Host not found (authoritative) http://a00i.19303.com dns resolve
1:Host not found (authoritative) http://www.flower96.top dns resolve
1:Host not found (authoritative) http://qsrexha.esfxqkwsmmsv.hath.network dns resolve
1:Host not found (authoritative) http://zbyori.801r61ps64.com dns resolve
1:Host not found (authoritative) http://www.hanman3044.icu dns resolve
1:Host not found (authoritative) http://ctiphys.a2co4756r5.com dns resolve
1:Host not found (authoritative) http://fgb.8tf2d3.top dns resolve
1:Host not found (authoritative) http://eequality.ctgi.cn dns resolve
1:Host not found (authoritative) http://ddtmap.ctgi.cn dns resolve
1:Host not found (authoritative) http://*c4co7qersfeh459rcjhg.get666bjurgis7xymzef.com dns resolve
1:Host not found (authoritative) http://shop-dismiss.ctgi.cn dns resolve
1:Host not found (authoritative) http://www.xqyd2.shop dns resolve
1:Host not found (authoritative) http://esf148230.esf.edu dns resolve
1:Host not found (authoritative) http://dy.4u1mx79nlw.com dns resolve
1:Host not found (authoritative) http://*c4dmsd8sm37o2clqkdrg.hr.nzliuxue.com dns resolve
1:Host not found (authoritative) http://3ej1.qite.tv dns resolve
1:Host not found (authoritative) http://www.2767v.co dns resolve
2:Host not found (non-authoritative), try again later http://asxo9.pingxuan.darentoupiao.cn dns resolve
1:Host not found (authoritative) http://*c5hp178sm37t41n5vco0.gas.fymallqa1.com dns resolve
1:Host not found (authoritative) http://teachweb.zk020.cn dns resolve
1:Host not found (authoritative) http://stage.sante.ctgi.cn dns resolve
1:Host not found (authoritative) http://*c59vu9gsm37t41maq650.246.32.37.cn dns resolve
1:Host not found (authoritative) http://ipumu.gmgzyyx.com dns resolve
1:Host not found (authoritative) 